{"src\\KipuBankV2.sol":{"l":{"91":13,"92":13,"93":13,"94":13,"95":13,"104":4,"106":4,"111":7,"112":1,"114":6,"115":6,"124":4,"125":3,"127":3,"128":3,"129":3,"131":3,"133":3,"138":4,"139":4,"141":3,"142":3,"146":2,"147":2,"148":2,"151":2,"154":2,"155":2,"157":2,"162":4,"163":4,"165":3,"166":3,"168":3,"169":3,"170":3,"172":3,"174":3,"175":3,"180":4,"181":4,"183":4,"184":4,"186":3,"187":3,"189":2,"190":2,"191":2,"193":2,"195":2,"196":2,"209":2,"210":2,"211":2,"216":4,"221":2,"222":0,"224":2,"225":2,"226":2,"234":6,"235":6,"239":15,"240":15,"241":15,"242":14,"246":7,"247":7,"249":6,"251":0,"252":0,"253":0,"257":8,"258":8,"260":8},"path":"C:\\Users\\kamus\\project\\KipuBankV2-complete\\src\\KipuBankV2.sol","s":{"1":13,"2":13,"3":4,"4":2,"5":2,"6":4,"7":7,"8":6,"9":4,"10":3,"11":3,"12":4,"13":4,"14":3,"15":3,"16":2,"17":2,"18":2,"19":4,"20":4,"21":3,"22":3,"23":3,"24":3,"25":4,"26":4,"27":4,"28":4,"29":3,"30":3,"31":2,"32":2,"33":4,"34":2,"35":0,"36":2,"37":2,"38":2,"39":6,"40":6,"41":15,"42":15,"43":7,"44":7,"45":6,"46":0,"47":0,"48":0,"49":8,"50":8,"51":8},"b":{"1":[4,0],"2":[2,2],"3":[7,1],"4":[1,6],"5":[0,1],"6":[4,1],"7":[4,0],"8":[4,1],"9":[4,0],"10":[1,3],"11":[1,2],"12":[0,2],"13":[4,0],"14":[4,0],"15":[1,3],"16":[4,0],"17":[4,0],"18":[0,4],"19":[1,3],"20":[1,2],"21":[0,2],"22":[0,2],"23":[0,6],"24":[1,14],"25":[1,0],"26":[7,0],"27":[0,0]},"f":{"1":13,"2":4,"3":7,"4":4,"5":4,"6":4,"7":4,"8":2,"9":4,"10":2,"11":6,"12":15,"13":7,"14":8},"fnMap":{"1":{"name":"constructor","line":85,"loc":{"start":{"line":85,"column":4},"end":{"line":96,"column":4}}},"2":{"name":"setPaused","line":103,"loc":{"start":{"line":103,"column":4},"end":{"line":107,"column":4}}},"3":{"name":"setTokenFeed","line":110,"loc":{"start":{"line":110,"column":4},"end":{"line":116,"column":4}}},"4":{"name":"depositETH","line":123,"loc":{"start":{"line":123,"column":4},"end":{"line":134,"column":4}}},"5":{"name":"withdrawETH","line":137,"loc":{"start":{"line":137,"column":4},"end":{"line":158,"column":4}}},"6":{"name":"depositERC20","line":161,"loc":{"start":{"line":161,"column":4},"end":{"line":176,"column":4}}},"7":{"name":"withdrawERC20","line":179,"loc":{"start":{"line":179,"column":4},"end":{"line":197,"column":4}}},"8":{"name":"getVault","line":204,"loc":{"start":{"line":204,"column":4},"end":{"line":212,"column":4}}},"9":{"name":"getRemainingBankCapacityUsd6","line":215,"loc":{"start":{"line":215,"column":4},"end":{"line":217,"column":4}}},"10":{"name":"quoteTokenToUsd6","line":220,"loc":{"start":{"line":220,"column":4},"end":{"line":227,"column":4}}},"11":{"name":"_enforceBankCap","line":233,"loc":{"start":{"line":233,"column":4},"end":{"line":236,"column":4}}},"12":{"name":"_latestPrice","line":238,"loc":{"start":{"line":238,"column":4},"end":{"line":243,"column":4}}},"13":{"name":"_quoteToUsd6","line":245,"loc":{"start":{"line":245,"column":4},"end":{"line":254,"column":4}}},"14":{"name":"_quoteErc20ToUsd6","line":256,"loc":{"start":{"line":256,"column":4},"end":{"line":261,"column":4}}}},"statementMap":{"1":{"start":{"line":91,"column":8},"end":{"line":91,"column":44}},"2":{"start":{"line":92,"column":8},"end":{"line":92,"column":43}},"3":{"start":{"line":104,"column":8},"end":{"line":104,"column":4763}},"4":{"start":{"line":104,"column":20},"end":{"line":104,"column":27}},"5":{"start":{"line":105,"column":13},"end":{"line":105,"column":22}},"6":{"start":{"line":106,"column":8},"end":{"line":106,"column":48}},"7":{"start":{"line":111,"column":8},"end":{"line":111,"column":5018}},"8":{"start":{"line":115,"column":8},"end":{"line":115,"column":47}},"9":{"start":{"line":124,"column":8},"end":{"line":124,"column":51}},"10":{"start":{"line":125,"column":8},"end":{"line":125,"column":28}},"11":{"start":{"line":133,"column":8},"end":{"line":133,"column":65}},"12":{"start":{"line":138,"column":8},"end":{"line":138,"column":49}},"13":{"start":{"line":139,"column":8},"end":{"line":139,"column":74}},"14":{"start":{"line":141,"column":8},"end":{"line":141,"column":48}},"15":{"start":{"line":142,"column":8},"end":{"line":142,"column":97}},"16":{"start":{"line":154,"column":8},"end":{"line":154,"column":56}},"17":{"start":{"line":155,"column":8},"end":{"line":155,"column":49}},"18":{"start":{"line":157,"column":8},"end":{"line":157,"column":62}},"19":{"start":{"line":162,"column":8},"end":{"line":162,"column":56}},"20":{"start":{"line":163,"column":8},"end":{"line":163,"column":81}},"21":{"start":{"line":165,"column":8},"end":{"line":165,"column":61}},"22":{"start":{"line":166,"column":8},"end":{"line":166,"column":28}},"23":{"start":{"line":174,"column":8},"end":{"line":174,"column":72}},"24":{"start":{"line":175,"column":8},"end":{"line":175,"column":64}},"25":{"start":{"line":180,"column":8},"end":{"line":180,"column":56}},"26":{"start":{"line":181,"column":8},"end":{"line":181,"column":81}},"27":{"start":{"line":183,"column":8},"end":{"line":183,"column":51}},"28":{"start":{"line":184,"column":8},"end":{"line":184,"column":74}},"29":{"start":{"line":186,"column":8},"end":{"line":186,"column":61}},"30":{"start":{"line":187,"column":8},"end":{"line":187,"column":97}},"31":{"start":{"line":195,"column":8},"end":{"line":195,"column":53}},"32":{"start":{"line":196,"column":8},"end":{"line":196,"column":64}},"33":{"start":{"line":216,"column":8},"end":{"line":216,"column":44}},"34":{"start":{"line":221,"column":8},"end":{"line":221,"column":9325}},"35":{"start":{"line":222,"column":12},"end":{"line":222,"column":44}},"36":{"start":{"line":224,"column":8},"end":{"line":224,"column":56}},"37":{"start":{"line":225,"column":8},"end":{"line":225,"column":81}},"38":{"start":{"line":226,"column":8},"end":{"line":226,"column":53}},"39":{"start":{"line":234,"column":8},"end":{"line":234,"column":57}},"40":{"start":{"line":235,"column":8},"end":{"line":235,"column":77}},"41":{"start":{"line":239,"column":8},"end":{"line":239,"column":73}},"42":{"start":{"line":241,"column":8},"end":{"line":241,"column":94}},"43":{"start":{"line":246,"column":8},"end":{"line":246,"column":10472}},"44":{"start":{"line":247,"column":12},"end":{"line":247,"column":68}},"45":{"start":{"line":249,"column":12},"end":{"line":249,"column":65}},"46":{"start":{"line":251,"column":8},"end":{"line":251,"column":56}},"47":{"start":{"line":252,"column":8},"end":{"line":252,"column":81}},"48":{"start":{"line":253,"column":8},"end":{"line":253,"column":53}},"49":{"start":{"line":257,"column":8},"end":{"line":257,"column":56}},"50":{"start":{"line":258,"column":8},"end":{"line":258,"column":53}},"51":{"start":{"line":260,"column":8},"end":{"line":260,"column":69}}},"branchMap":{"1":{"line":103,"type":"if","locations":[{"start":{"line":103,"column":45},"end":{"line":103,"column":45}},{"start":{"line":103,"column":45},"end":{"line":103,"column":45}}]},"2":{"line":104,"type":"if","locations":[{"start":{"line":104,"column":8},"end":{"line":104,"column":8}},{"start":{"line":104,"column":8},"end":{"line":104,"column":8}}]},"3":{"line":110,"type":"if","locations":[{"start":{"line":110,"column":64},"end":{"line":110,"column":64}},{"start":{"line":110,"column":64},"end":{"line":110,"column":64}}]},"4":{"line":111,"type":"if","locations":[{"start":{"line":111,"column":8},"end":{"line":111,"column":8}},{"start":{"line":111,"column":8},"end":{"line":111,"column":8}}]},"5":{"line":111,"type":"cond-expr","locations":[{"start":{"line":111,"column":12},"end":{"line":111,"column":30}},{"start":{"line":111,"column":35},"end":{"line":111,"column":52}}]},"6":{"line":123,"type":"if","locations":[{"start":{"line":123,"column":43},"end":{"line":123,"column":43}},{"start":{"line":123,"column":43},"end":{"line":123,"column":43}}]},"7":{"line":123,"type":"if","locations":[{"start":{"line":123,"column":57},"end":{"line":123,"column":57}},{"start":{"line":123,"column":57},"end":{"line":123,"column":57}}]},"8":{"line":137,"type":"if","locations":[{"start":{"line":137,"column":50},"end":{"line":137,"column":50}},{"start":{"line":137,"column":50},"end":{"line":137,"column":50}}]},"9":{"line":137,"type":"if","locations":[{"start":{"line":137,"column":64},"end":{"line":137,"column":64}},{"start":{"line":137,"column":64},"end":{"line":137,"column":64}}]},"10":{"line":139,"type":"if","locations":[{"start":{"line":139,"column":8},"end":{"line":139,"column":8}},{"start":{"line":139,"column":8},"end":{"line":139,"column":8}}]},"11":{"line":142,"type":"if","locations":[{"start":{"line":142,"column":8},"end":{"line":142,"column":8}},{"start":{"line":142,"column":8},"end":{"line":142,"column":8}}]},"12":{"line":155,"type":"if","locations":[{"start":{"line":155,"column":8},"end":{"line":155,"column":8}},{"start":{"line":155,"column":8},"end":{"line":155,"column":8}}]},"13":{"line":161,"type":"if","locations":[{"start":{"line":161,"column":66},"end":{"line":161,"column":66}},{"start":{"line":161,"column":66},"end":{"line":161,"column":66}}]},"14":{"line":161,"type":"if","locations":[{"start":{"line":161,"column":80},"end":{"line":161,"column":80}},{"start":{"line":161,"column":80},"end":{"line":161,"column":80}}]},"15":{"line":163,"type":"if","locations":[{"start":{"line":163,"column":8},"end":{"line":163,"column":8}},{"start":{"line":163,"column":8},"end":{"line":163,"column":8}}]},"16":{"line":179,"type":"if","locations":[{"start":{"line":179,"column":67},"end":{"line":179,"column":67}},{"start":{"line":179,"column":67},"end":{"line":179,"column":67}}]},"17":{"line":179,"type":"if","locations":[{"start":{"line":179,"column":81},"end":{"line":179,"column":81}},{"start":{"line":179,"column":81},"end":{"line":179,"column":81}}]},"18":{"line":181,"type":"if","locations":[{"start":{"line":181,"column":8},"end":{"line":181,"column":8}},{"start":{"line":181,"column":8},"end":{"line":181,"column":8}}]},"19":{"line":184,"type":"if","locations":[{"start":{"line":184,"column":8},"end":{"line":184,"column":8}},{"start":{"line":184,"column":8},"end":{"line":184,"column":8}}]},"20":{"line":187,"type":"if","locations":[{"start":{"line":187,"column":8},"end":{"line":187,"column":8}},{"start":{"line":187,"column":8},"end":{"line":187,"column":8}}]},"21":{"line":221,"type":"if","locations":[{"start":{"line":221,"column":8},"end":{"line":221,"column":8}},{"start":{"line":221,"column":8},"end":{"line":221,"column":8}}]},"22":{"line":225,"type":"if","locations":[{"start":{"line":225,"column":8},"end":{"line":225,"column":8}},{"start":{"line":225,"column":8},"end":{"line":225,"column":8}}]},"23":{"line":235,"type":"if","locations":[{"start":{"line":235,"column":8},"end":{"line":235,"column":8}},{"start":{"line":235,"column":8},"end":{"line":235,"column":8}}]},"24":{"line":241,"type":"if","locations":[{"start":{"line":241,"column":8},"end":{"line":241,"column":8}},{"start":{"line":241,"column":8},"end":{"line":241,"column":8}}]},"25":{"line":241,"type":"cond-expr","locations":[{"start":{"line":241,"column":12},"end":{"line":241,"column":22}},{"start":{"line":241,"column":27},"end":{"line":241,"column":40}}]},"26":{"line":246,"type":"if","locations":[{"start":{"line":246,"column":8},"end":{"line":246,"column":8}},{"start":{"line":246,"column":8},"end":{"line":246,"column":8}}]},"27":{"line":252,"type":"if","locations":[{"start":{"line":252,"column":8},"end":{"line":252,"column":8}},{"start":{"line":252,"column":8},"end":{"line":252,"column":8}}]}}},"src\\mocks\\MockAggregatorV3.sol":{"l":{"14":15,"17":0},"path":"C:\\Users\\kamus\\project\\KipuBankV2-complete\\src\\mocks\\MockAggregatorV3.sol","s":{"1":15,"2":0,"3":0,"4":15,"5":0},"b":{},"f":{"1":19,"2":1,"3":15,"4":0,"5":0,"6":15,"7":0},"fnMap":{"1":{"name":"constructor","line":8,"loc":{"start":{"line":8,"column":4},"end":{"line":8,"column":104}}},"2":{"name":"setPrice","line":9,"loc":{"start":{"line":9,"column":4},"end":{"line":9,"column":70}}},"3":{"name":"decimals","line":10,"loc":{"start":{"line":10,"column":4},"end":{"line":10,"column":75}}},"4":{"name":"description","line":11,"loc":{"start":{"line":11,"column":4},"end":{"line":11,"column":94}}},"5":{"name":"version","line":12,"loc":{"start":{"line":12,"column":4},"end":{"line":12,"column":67}}},"6":{"name":"latestRoundData","line":13,"loc":{"start":{"line":13,"column":4},"end":{"line":15,"column":4}}},"7":{"name":"getRoundData","line":16,"loc":{"start":{"line":16,"column":4},"end":{"line":18,"column":4}}}},"statementMap":{"1":{"start":{"line":10,"column":56},"end":{"line":10,"column":73}},"2":{"start":{"line":11,"column":67},"end":{"line":11,"column":92}},"3":{"start":{"line":12,"column":57},"end":{"line":12,"column":65}},"4":{"start":{"line":14,"column":8},"end":{"line":14,"column":64}},"5":{"start":{"line":17,"column":8},"end":{"line":17,"column":64}}},"branchMap":{}},"src\\mocks\\MockERC20.sol":{"l":{"8":8},"path":"C:\\Users\\kamus\\project\\KipuBankV2-complete\\src\\mocks\\MockERC20.sol","s":{"1":8,"2":4},"b":{},"f":{"1":8,"2":8,"3":4},"fnMap":{"1":{"name":"constructor","line":7,"loc":{"start":{"line":7,"column":4},"end":{"line":9,"column":4}}},"2":{"name":"decimals","line":10,"loc":{"start":{"line":10,"column":4},"end":{"line":10,"column":87}}},"3":{"name":"mint","line":11,"loc":{"start":{"line":11,"column":4},"end":{"line":11,"column":76}}}},"statementMap":{"1":{"start":{"line":10,"column":63},"end":{"line":10,"column":85}},"2":{"start":{"line":11,"column":57},"end":{"line":11,"column":73}}},"branchMap":{}}}